<?xml version="1.0" encoding="UTF-8"?>
<testsuite xmlns:xsi="http://www.w3.org/2001/XMLSchema-instance" xsi:noNamespaceSchemaLocation="https://maven.apache.org/surefire/maven-surefire-plugin/xsd/surefire-test-report-3.0.xsd" version="3.0" name="com.InvestmentAccCalcEngine.cli.MenuHandlerTest$HandleToggleSimplifiedRentalTests" time="0.062" tests="2" errors="0" skipped="0" failures="0">
  <properties>
[...]
</properties>
  <testcase name="togglesOffToOn" classname="com.InvestmentAccCalcEngine.cli.MenuHandlerTest$HandleToggleSimplifiedRentalTests" time="0.057"/>
  <testcase name="togglesOnToOff" classname="com.InvestmentAccCalcEngine.cli.MenuHandlerTest$HandleToggleSimplifiedRentalTests" time="0.002"/>
</testsuite>